<?xml version="1.0" encoding="UTF-8"?>
<testsuite name="ladder.RandomLadderTest" tests="1" skipped="0" failures="0" errors="0" timestamp="2023-03-29T09:51:58" hostname="imsubin-ui-MacBookAir.local" time="0.036">
  <properties/>
  <testcase name="randomLadderTest()" classname="ladder.RandomLadderTest" time="0.036"/>
  <system-out><![CDATA[Before
0 0* 1 -1 0 
0 1 -1 1 -1 
0 0 1 -1 0 
1 -1 0 1 -1 
0 0 1 -1 0 
After
0 0* 1 -1 0 
0 1 -1 1 -1 
0 0 1 -1 0 
1 -1 0 1 -1 
0 0 1 -1 0 
Before
0 0 1 -1 0 
0 1* -1 1 -1 
0 0 1 -1 0 
1 -1 0 1 -1 
0 0 1 -1 0 
After
0 0 1 -1 0 
0 1 -1* 1 -1 
0 0 1 -1 0 
1 -1 0 1 -1 
0 0 1 -1 0 
Before
0 0 1 -1 0 
0 1 -1 1 -1 
0 0 1* -1 0 
1 -1 0 1 -1 
0 0 1 -1 0 
After
0 0 1 -1 0 
0 1 -1 1 -1 
0 0 1 -1* 0 
1 -1 0 1 -1 
0 0 1 -1 0 
Before
0 0 1 -1 0 
0 1 -1 1 -1 
0 0 1 -1 0 
1 -1 0 1* -1 
0 0 1 -1 0 
After
0 0 1 -1 0 
0 1 -1 1 -1 
0 0 1 -1 0 
1 -1 0 1 -1* 
0 0 1 -1 0 
Before
0 0 1 -1 0 
0 1 -1 1 -1 
0 0 1 -1 0 
1 -1 0 1 -1 
0 0 1 -1 0* 
After
0 0 1 -1 0 
0 1 -1 1 -1 
0 0 1 -1 0 
1 -1 0 1 -1 
0 0 1 -1 0* 
]]></system-out>
  <system-err><![CDATA[]]></system-err>
</testsuite>
