<?xml version="1.0" encoding="UTF-8"?>
<testsuite name="ladder.CreateLadderTest" tests="4" skipped="0" failures="0" errors="0" timestamp="2023-03-24T13:07:23" hostname="DESKTOP-BMMNLKP" time="0.028">
  <properties/>
  <testcase name="error of drawline" classname="ladder.CreateLadderTest" time="0.021"/>
  <testcase name="error of creating minus col" classname="ladder.CreateLadderTest" time="0.001"/>
  <testcase name="error of creating minus row" classname="ladder.CreateLadderTest" time="0.001"/>
  <testcase name="create ladder test" classname="ladder.CreateLadderTest" time="0.002"/>
  <system-out><![CDATA[]]></system-out>
  <system-err><![CDATA[]]></system-err>
</testsuite>
