<?xml version="1.0" encoding="UTF-8"?>
<testsuite name="ladder.LadderTest" tests="4" skipped="0" failures="0" errors="0" timestamp="2023-03-27T04:50:38" hostname="imsubin-ui-MacBookAir.local" time="0.053">
  <properties/>
  <testcase name="1보다 작은 사다리 줄 생성 시 에러" classname="ladder.LadderTest" time="0.041"/>
  <testcase name="1보다 작은 사다리 높이 생성 시 에러" classname="ladder.LadderTest" time="0.003"/>
  <testcase name="사다리게임" classname="ladder.LadderTest" time="0.003"/>
  <testcase name="사다리 범위를 벗어난 라인 생성 시 에러" classname="ladder.LadderTest" time="0.003"/>
  <system-out><![CDATA[]]></system-out>
  <system-err><![CDATA[]]></system-err>
</testsuite>
