<?xml version="1.0" encoding="UTF-8"?>
<testsuite name="ladder.LadderSizeTest" tests="1" skipped="0" failures="0" errors="0" timestamp="2023-03-29T11:12:01" hostname="imsubin-ui-MacBookAir.local" time="0.025">
  <properties/>
  <testcase name="getSizeValue()" classname="ladder.LadderSizeTest" time="0.025"/>
  <system-out><![CDATA[]]></system-out>
  <system-err><![CDATA[]]></system-err>
</testsuite>
