<?xml version="1.0" encoding="UTF-8"?>
<testsuite name="ladder.RowTest" tests="4" skipped="0" failures="0" errors="0" timestamp="2023-03-28T05:50:09" hostname="imsubin-ui-MacBookAir.local" time="0.044">
  <properties/>
  <testcase name="이미 라인이 생성된 줄에 라인 생성 시 에러" classname="ladder.RowTest" time="0.03"/>
  <testcase name="사다리 참여자 수가 1보다 작을 때 에러" classname="ladder.RowTest" time="0.002"/>
  <testcase name="nextPosition()" classname="ladder.RowTest" time="0.003"/>
  <testcase name="사다리 범위를 벗어난 라인 생성 시 에러" classname="ladder.RowTest" time="0.006"/>
  <system-out><![CDATA[]]></system-out>
  <system-err><![CDATA[]]></system-err>
</testsuite>
