<?xml version="1.0" encoding="UTF-8"?>
<testsuite name="ladder.LadderTest" tests="1" skipped="0" failures="0" errors="0" timestamp="2023-03-28T12:56:01" hostname="LAPTOP-5N8AOLN7" time="0.046">
  <properties/>
  <testcase name="runPrintLadder()" classname="ladder.LadderTest" time="0.046"/>
  <system-out><![CDATA[Before
0* 1 -1 0 
1 -1 0 0 
0 0 1 -1 
1 -1 0 0 

After
0* 1 -1 0 
1 -1 0 0 
0 0 1 -1 
1 -1 0 0 

Before
0 1 -1 0 
1* -1 0 0 
0 0 1 -1 
1 -1 0 0 

After
0 1 -1 0 
1 -1* 0 0 
0 0 1 -1 
1 -1 0 0 

Before
0 1 -1 0 
1 -1 0 0 
0 0* 1 -1 
1 -1 0 0 

After
0 1 -1 0 
1 -1 0 0 
0 0* 1 -1 
1 -1 0 0 

Before
0 1 -1 0 
1 -1 0 0 
0 0 1 -1 
1 -1* 0 0 

After
0 1 -1 0 
1 -1 0 0 
0 0 1 -1 
1* -1 0 0 

]]></system-out>
  <system-err><![CDATA[]]></system-err>
</testsuite>
