<?xml version="1.0" encoding="UTF-8"?>
<testsuite name="ladder.LadderTest" tests="2" skipped="0" failures="0" errors="0" timestamp="2023-03-22T05:48:54" hostname="LAPTOP-5N8AOLN7" time="0.031">
  <properties/>
  <testcase name="초기 사다리 실행 확인" classname="ladder.LadderTest" time="0.029"/>
  <testcase name="run 실행 확인" classname="ladder.LadderTest" time="0.001"/>
  <system-out><![CDATA[]]></system-out>
  <system-err><![CDATA[]]></system-err>
</testsuite>
