<?xml version="1.0" encoding="UTF-8"?>
<testsuite name="ladder.LadderTest" tests="1" skipped="0" failures="0" errors="0" timestamp="2023-03-23T13:20:18" hostname="DESKTOP-H7QGE30" time="0.03">
  <properties/>
  <testcase name="Make Ladder" classname="ladder.LadderTest" time="0.03"/>
  <system-out><![CDATA[]]></system-out>
  <system-err><![CDATA[]]></system-err>
</testsuite>
