<?xml version="1.0" encoding="UTF-8"?>
<testsuite name="ladder.RowTest" tests="2" skipped="0" failures="0" errors="0" timestamp="2023-03-24T02:18:20" hostname="WORKHARD" time="0.048">
  <properties/>
  <testcase name="drawLineTest()" classname="ladder.RowTest" time="0.032"/>
  <testcase name="invalidPositionTest()" classname="ladder.RowTest" time="0.014"/>
  <system-out><![CDATA[]]></system-out>
  <system-err><![CDATA[]]></system-err>
</testsuite>
