<?xml version="1.0" encoding="UTF-8"?>
<testsuite name="ladder.LadderTest" tests="2" skipped="0" failures="0" errors="0" timestamp="2023-03-29T10:15:32" hostname="imsubin-ui-MacBookAir.local" time="0.046">
  <properties/>
  <testcase name="run()" classname="ladder.LadderTest" time="0.04"/>
  <testcase name="사다리 범위를 벗어난 라인 생성 시 에러" classname="ladder.LadderTest" time="0.004"/>
  <system-out><![CDATA[Before
1* -1 0 
0 1 -1 
0 1 -1 
After
1 -1* 0 
0 1 -1 
0 1 -1 
Before
1 -1 0 
0 1* -1 
0 1 -1 
After
1 -1 0 
0 1 -1* 
0 1 -1 
Before
1 -1 0 
0 1 -1 
0 1 -1* 
After
1 -1 0 
0 1 -1 
0 1* -1 
Before
1 -1* 0 
0 1 -1 
0 1 -1 
After
1* -1 0 
0 1 -1 
0 1 -1 
Before
1 -1 0 
0* 1 -1 
0 1 -1 
After
1 -1 0 
0* 1 -1 
0 1 -1 
Before
1 -1 0 
0 1 -1 
0* 1 -1 
After
1 -1 0 
0 1 -1 
0* 1 -1 
Before
1 -1 0* 
0 1 -1 
0 1 -1 
After
1 -1 0* 
0 1 -1 
0 1 -1 
Before
1 -1 0 
0 1 -1* 
0 1 -1 
After
1 -1 0 
0 1* -1 
0 1 -1 
Before
1 -1 0 
0 1 -1 
0 1* -1 
After
1 -1 0 
0 1 -1 
0 1 -1* 
]]></system-out>
  <system-err><![CDATA[]]></system-err>
</testsuite>
