<?xml version="1.0" encoding="UTF-8"?>
<testsuite name="ladder.LadderTest" tests="1" skipped="0" failures="0" errors="0" timestamp="2023-03-27T04:27:14" hostname="imsubin-ui-MacBookAir.local" time="0.036">
  <properties/>
  <testcase name="사다리게임" classname="ladder.LadderTest" time="0.036"/>
  <system-out><![CDATA[]]></system-out>
  <system-err><![CDATA[]]></system-err>
</testsuite>
