<?xml version="1.0" encoding="UTF-8"?>
<testsuite name="ladder.LadderPositionTest" tests="1" skipped="0" failures="0" errors="0" timestamp="2023-03-29T11:07:22" hostname="imsubin-ui-MacBookAir.local" time="0.02">
  <properties/>
  <testcase name="getPositionValue()" classname="ladder.LadderPositionTest" time="0.02"/>
  <system-out><![CDATA[]]></system-out>
  <system-err><![CDATA[]]></system-err>
</testsuite>
