<?xml version="1.0" encoding="UTF-8"?>
<testsuite name="ladder.NodeTest" tests="1" skipped="0" failures="0" errors="0" timestamp="2023-03-29T12:47:28" hostname="imsubin-ui-MacBookAir.local" time="0.024">
  <properties/>
  <testcase name="getNodeDirection()" classname="ladder.NodeTest" time="0.024"/>
  <system-out><![CDATA[]]></system-out>
  <system-err><![CDATA[]]></system-err>
</testsuite>
