<?xml version="1.0" encoding="UTF-8"?>
<testsuite name="ladder.LadderTest" tests="1" skipped="0" failures="0" errors="0" timestamp="2023-03-23T13:51:51" hostname="imsubin-ui-MacBookAir.local" time="0.042">
  <properties/>
  <testcase name="1보다 작은 사다리 줄 생성 시 에러" classname="ladder.LadderTest" time="0.042"/>
  <system-out><![CDATA[]]></system-out>
  <system-err><![CDATA[]]></system-err>
</testsuite>
