<?xml version="1.0" encoding="UTF-8"?>
<testsuite name="ladder.LadderTest" tests="3" skipped="0" failures="0" errors="0" timestamp="2023-03-24T09:17:19" hostname="hyewon-ui-MacBookPro.local" time="0.012">
  <properties/>
  <testcase name="0보다 적은 col" classname="ladder.LadderTest" time="0.01"/>
  <testcase name="0보다적은 사람" classname="ladder.LadderTest" time="0.0"/>
  <testcase name="4명의 사다리타기" classname="ladder.LadderTest" time="0.001"/>
  <system-out><![CDATA[]]></system-out>
  <system-err><![CDATA[]]></system-err>
</testsuite>
