<?xml version="1.0" encoding="UTF-8"?>
<testsuite name="ladder.LadderTest" tests="2" skipped="0" failures="0" errors="0" timestamp="2023-03-19T08:39:14" hostname="DESKTOP-JFUABTI" time="0.014">
  <properties/>
  <testcase name="�궗�떎由ъ쓽 �넂�씠媛� 1" classname="ladder.LadderTest" time="0.013"/>
  <testcase name="�궗�떎由ъ쓽 �넂�씠媛� 2" classname="ladder.LadderTest" time="0.0"/>
  <system-out><![CDATA[Hi!
Hi!
]]></system-out>
  <system-err><![CDATA[]]></system-err>
</testsuite>
