<?xml version="1.0" encoding="UTF-8"?>
<testsuite name="ladder.LadderTest" tests="1" skipped="0" failures="0" errors="0" timestamp="2023-03-29T05:24:18" hostname="LAPTOP-5N8AOLN7" time="0.041">
  <properties/>
  <testcase name="runRandomLadder()" classname="ladder.LadderTest" time="0.041"/>
  <system-out><![CDATA[Before
0* 0 1 -1 
0 1 -1 0 
0 1 -1 0 
1 -1 0 0 

After
0* 0 1 -1 
0 1 -1 0 
0 1 -1 0 
1 -1 0 0 

Before
0 0 1 -1 
0* 1 -1 0 
0 1 -1 0 
1 -1 0 0 

After
0 0 1 -1 
0* 1 -1 0 
0 1 -1 0 
1 -1 0 0 

Before
0 0 1 -1 
0 1 -1 0 
0* 1 -1 0 
1 -1 0 0 

After
0 0 1 -1 
0 1 -1 0 
0* 1 -1 0 
1 -1 0 0 

Before
0 0 1 -1 
0 1 -1 0 
0 1 -1 0 
1* -1 0 0 

After
0 0 1 -1 
0 1 -1 0 
0 1 -1 0 
1 -1* 0 0 

1
]]></system-out>
  <system-err><![CDATA[]]></system-err>
</testsuite>
