<?xml version="1.0" encoding="UTF-8"?>
<testsuite name="ladder.RowTest" tests="10" skipped="0" failures="0" errors="0" timestamp="2023-03-10T05:19:09" hostname="gimjeong-uui-MacBookAir.local" time="0.003">
  <properties/>
  <testcase name="ValidateDrawLinePositionAlreadyHasLineLeft()" classname="ladder.RowTest" time="0.0"/>
  <testcase name="ValidateDrawLinePositionOverRange()" classname="ladder.RowTest" time="0.0"/>
  <testcase name="사다리 : 11" classname="ladder.RowTest" time="0.0"/>
  <testcase name="만들어진 사다리 이상의 사람 예외 처리" classname="ladder.RowTest" time="0.0"/>
  <testcase name="1번째 이하의 사람 예외 처리" classname="ladder.RowTest" time="0.0"/>
  <testcase name="사다리 : 0" classname="ladder.RowTest" time="0.0"/>
  <testcase name="사다리 사람이 0명인 경우 예외처리" classname="ladder.RowTest" time="0.0"/>
  <testcase name="ValidateDrawLinePositionUnderRange()" classname="ladder.RowTest" time="0.0"/>
  <testcase name="사다리 : 110" classname="ladder.RowTest" time="0.0"/>
  <testcase name="ValidateDrawLinePositionAlreadyHasLineRight()" classname="ladder.RowTest" time="0.0"/>
  <system-out><![CDATA[]]></system-out>
  <system-err><![CDATA[]]></system-err>
</testsuite>
